#-----------------------------------------------------------
# Vivado v2022.2 (64-bit)
# SW Build 3671981 on Fri Oct 14 04:59:54 MDT 2022
# IP Build 3669848 on Fri Oct 14 08:30:02 MDT 2022
# Start of session at: Thu Feb 23 10:40:32 2023
# Process ID: 865
# Current directory: /home/shaoqian/xilinx_workspace/dfx-kernel
# Command line: vivado
# Log file: /home/shaoqian/xilinx_workspace/dfx-kernel/vivado.log
# Journal file: /home/shaoqian/xilinx_workspace/dfx-kernel/vivado.jou
# Running On: DESKTOP-6CAVDAS, OS: Linux, CPU Frequency: 3600.019 MHz, CPU Physical cores: 16, Host memory: 33632 MB
#-----------------------------------------------------------
start_gui
WARNING: [Board 49-26] cannot add Board Part xilinx.com:vek280_es:part0:1.0 available at /tools/Xilinx/Vivado/2022.2/data/xhub/boards/XilinxBoardStore/boards/Xilinx/vek280/es/1.0/board.xml as part xcve2802-vsvh1760-2lp-e-s-es1 specified in board_part file is either invalid or not available
WARNING: [Board 49-26] cannot add Board Part xilinx.com:vhk158_es:part0:1.0 available at /tools/Xilinx/Vivado/2022.2/data/xhub/boards/XilinxBoardStore/boards/Xilinx/vhk158/es/1.0/board.xml as part xcvh1582-vsva3697-2mp-e-s-es1 specified in board_part file is either invalid or not available
WARNING: [Board 49-26] cannot add Board Part xilinx.com:vpk120_es:part0:1.2 available at /tools/Xilinx/Vivado/2022.2/data/xhub/boards/XilinxBoardStore/boards/Xilinx/vpk120/es/1.2/board.xml as part xcvp1202-vsva2785-2mp-e-s-es1 specified in board_part file is either invalid or not available
WARNING: [Board 49-26] cannot add Board Part xilinx.com:vpk120_es_revb:part0:1.0 available at /tools/Xilinx/Vivado/2022.2/data/xhub/boards/XilinxBoardStore/boards/Xilinx/vpk120_revb/es/1.0/board.xml as part xcvp1202-vsva2785-2mp-e-s-es1 specified in board_part file is either invalid or not available
WARNING: [Board 49-26] cannot add Board Part xilinx.com:vpk180_es:part0:1.0 available at /tools/Xilinx/Vivado/2022.2/data/xhub/boards/XilinxBoardStore/boards/Xilinx/vpk180/es/1.0/board.xml as part xcvp1802-lsvc4072-2mp-e-s-es1 specified in board_part file is either invalid or not available
WARNING: [Board 49-26] cannot add Board Part xilinx.com:zcu208ld:part0:2.0 available at /tools/Xilinx/Vivado/2022.2/data/xhub/boards/XilinxBoardStore/boards/Xilinx/zcu208ld/production/2.0/board.xml as part xczu58dr-fsvg1517-2-i specified in board_part file is either invalid or not available
WARNING: [Board 49-26] cannot add Board Part xilinx.com:zcu216ld:part0:2.0 available at /tools/Xilinx/Vivado/2022.2/data/xhub/boards/XilinxBoardStore/boards/Xilinx/zcu216ld/production/2.0/board.xml as part xczu59dr-ffvf1760-2-i specified in board_part file is either invalid or not available
WARNING: [Board 49-26] cannot add Board Part xilinx.com:zcu670:part0:2.0 available at /tools/Xilinx/Vivado/2022.2/data/xhub/boards/XilinxBoardStore/boards/Xilinx/zcu670/2.0/board.xml as part xczu67dr-fsve1156-2-i specified in board_part file is either invalid or not available
WARNING: [Board 49-26] cannot add Board Part xilinx.com:zcu670ld:part0:1.0 available at /tools/Xilinx/Vivado/2022.2/data/xhub/boards/XilinxBoardStore/boards/Xilinx/zcu670ld/1.0/board.xml as part xczu57dr-fsve1156-2-i specified in board_part file is either invalid or not available
open_project /home/shaoqian/xilinx_workspace/hash_vck5000/hash_vck5000.xpr
Scanning sources...
Finished scanning sources
WARNING: [Board 49-151] The current board 'xilinx.com::vck5000:1.0' is from a local repo. The vivado install has a corresponding board with version greater than or equal to the local repo board. Please use boards from vivado install to avoid any upgrade/migrate issues
INFO: [IP_Flow 19-234] Refreshing IP repositories
INFO: [IP_Flow 19-1700] Loaded user IP repository '/mnt/e/xilinx_workspace/VCK5000/dfx_kernels'.
INFO: [IP_Flow 19-2313] Loaded Vivado IP repository '/tools/Xilinx/Vivado/2022.2/data/ip'.
WARNING: [BD 41-1661] One or more IPs have been locked in the design 'design_1.bd'. Please run report_ip_status for more details and recommendations on how to fix this issue.
List of locked IPs:
design_1_xor_kernel_0_1

open_project: Time (s): cpu = 00:00:21 ; elapsed = 00:00:56 . Memory (MB): peak = 7313.941 ; gain = 216.125 ; free physical = 27086 ; free virtual = 37255
update_compile_order -fileset sources_1
open_bd_design {/home/shaoqian/xilinx_workspace/hash_vck5000/hash_vck5000.srcs/sources_1/bd/design_1/design_1.bd}
Reading block design file </home/shaoqian/xilinx_workspace/hash_vck5000/hash_vck5000.srcs/sources_1/bd/design_1/design_1.bd>...
Adding component instance block -- xilinx.com:ip:versal_cips:3.3 - versal_cips_0
Adding component instance block -- xilinx.com:ip:axi_noc:1.0 - axi_noc_0
Adding component instance block -- xilinx.com:hls:xor_kernel:1.0 - xor_kernel_0
Adding component instance block -- xilinx.com:ip:smartconnect:1.0 - smartconnect_0
Adding component instance block -- xilinx.com:hls:hash_adapter:1.0 - hash_adapter_0
Excluding slave segment /versal_cips_0/NOC_PMC_AXI_0/pspmc_0_psv_apu_0 from address space /versal_cips_0/CPM_PCIE_NOC_0.
Excluding slave segment /versal_cips_0/NOC_PMC_AXI_0/pspmc_0_psv_crf_0 from address space /versal_cips_0/CPM_PCIE_NOC_0.
Excluding slave segment /versal_cips_0/NOC_PMC_AXI_0/pspmc_0_psv_fpd_afi_0 from address space /versal_cips_0/CPM_PCIE_NOC_0.
Excluding slave segment /versal_cips_0/NOC_PMC_AXI_0/pspmc_0_psv_fpd_afi_2 from address space /versal_cips_0/CPM_PCIE_NOC_0.
Excluding slave segment /versal_cips_0/NOC_PMC_AXI_0/pspmc_0_psv_fpd_cci_0 from address space /versal_cips_0/CPM_PCIE_NOC_0.
Excluding slave segment /versal_cips_0/NOC_PMC_AXI_0/pspmc_0_psv_fpd_gpv_0 from address space /versal_cips_0/CPM_PCIE_NOC_0.
Excluding slave segment /versal_cips_0/NOC_PMC_AXI_0/pspmc_0_psv_fpd_maincci_0 from address space /versal_cips_0/CPM_PCIE_NOC_0.
Excluding slave segment /versal_cips_0/NOC_PMC_AXI_0/pspmc_0_psv_fpd_slave_xmpu_0 from address space /versal_cips_0/CPM_PCIE_NOC_0.
Excluding slave segment /versal_cips_0/NOC_PMC_AXI_0/pspmc_0_psv_fpd_slcr_0 from address space /versal_cips_0/CPM_PCIE_NOC_0.
Excluding slave segment /versal_cips_0/NOC_PMC_AXI_0/pspmc_0_psv_fpd_slcr_secure_0 from address space /versal_cips_0/CPM_PCIE_NOC_0.
Excluding slave segment /versal_cips_0/NOC_PMC_AXI_0/pspmc_0_psv_fpd_smmu_0 from address space /versal_cips_0/CPM_PCIE_NOC_0.
Excluding slave segment /versal_cips_0/NOC_PMC_AXI_0/pspmc_0_psv_fpd_smmutcu_0 from address space /versal_cips_0/CPM_PCIE_NOC_0.
Excluding slave segment /versal_cips_0/NOC_PMC_AXI_0/pspmc_0_psv_apu_0 from address space /versal_cips_0/CPM_PCIE_NOC_1.
Excluding slave segment /versal_cips_0/NOC_PMC_AXI_0/pspmc_0_psv_crf_0 from address space /versal_cips_0/CPM_PCIE_NOC_1.
Excluding slave segment /versal_cips_0/NOC_PMC_AXI_0/pspmc_0_psv_fpd_afi_0 from address space /versal_cips_0/CPM_PCIE_NOC_1.
Excluding slave segment /versal_cips_0/NOC_PMC_AXI_0/pspmc_0_psv_fpd_afi_2 from address space /versal_cips_0/CPM_PCIE_NOC_1.
Excluding slave segment /versal_cips_0/NOC_PMC_AXI_0/pspmc_0_psv_fpd_cci_0 from address space /versal_cips_0/CPM_PCIE_NOC_1.
Excluding slave segment /versal_cips_0/NOC_PMC_AXI_0/pspmc_0_psv_fpd_gpv_0 from address space /versal_cips_0/CPM_PCIE_NOC_1.
Excluding slave segment /versal_cips_0/NOC_PMC_AXI_0/pspmc_0_psv_fpd_maincci_0 from address space /versal_cips_0/CPM_PCIE_NOC_1.
Excluding slave segment /versal_cips_0/NOC_PMC_AXI_0/pspmc_0_psv_fpd_slave_xmpu_0 from address space /versal_cips_0/CPM_PCIE_NOC_1.
Excluding slave segment /versal_cips_0/NOC_PMC_AXI_0/pspmc_0_psv_fpd_slcr_0 from address space /versal_cips_0/CPM_PCIE_NOC_1.
Excluding slave segment /versal_cips_0/NOC_PMC_AXI_0/pspmc_0_psv_fpd_slcr_secure_0 from address space /versal_cips_0/CPM_PCIE_NOC_1.
Excluding slave segment /versal_cips_0/NOC_PMC_AXI_0/pspmc_0_psv_fpd_smmu_0 from address space /versal_cips_0/CPM_PCIE_NOC_1.
Excluding slave segment /versal_cips_0/NOC_PMC_AXI_0/pspmc_0_psv_fpd_smmutcu_0 from address space /versal_cips_0/CPM_PCIE_NOC_1.
Successfully read diagram <design_1> from block design file </home/shaoqian/xilinx_workspace/hash_vck5000/hash_vck5000.srcs/sources_1/bd/design_1/design_1.bd>
INFO: [Device 21-403] Loading part xcvc1902-vsvd1760-2MP-e-S
open_bd_design: Time (s): cpu = 00:00:23 ; elapsed = 00:00:19 . Memory (MB): peak = 8328.984 ; gain = 810.766 ; free physical = 25848 ; free virtual = 36143
